2023-07-30 16:50:36,708 WARN  [SoapUI] Missing folder [C:\Users\User\eclipse-workspace\SoapUiprohet\ext] for external libraries
2023-07-30 16:50:36,810 INFO  [DefaultSoapUICore] initialized soapui-settings from [C:\Users\User\soapui-settings.xml]
2023-07-30 16:50:37,082 ERROR [SoapUI] An error occurred [The plugin 'C:\Users\User\.soapuios\plugins\ready-uxm-plugin-os-1.0.3.jar' has unsigned class files.], see error log for details
2023-07-30 16:50:37,083 ERROR [errorlog] java.lang.SecurityException: The plugin 'C:\Users\User\.soapuios\plugins\ready-uxm-plugin-os-1.0.3.jar' has unsigned class files.
java.lang.SecurityException: The plugin 'C:\Users\User\.soapuios\plugins\ready-uxm-plugin-os-1.0.3.jar' has unsigned class files.
	at com.eviware.soapui.plugins.ProductBodyguard$JarVerifier.verify(ProductBodyguard.java:123)
	at com.eviware.soapui.plugins.ProductBodyguard.isKnown(ProductBodyguard.java:55)
	at com.eviware.soapui.plugins.PluginManager.loadPlugins(PluginManager.java:98)
	at com.eviware.soapui.DefaultSoapUICore.loadPlugins(DefaultSoapUICore.java:167)
	at com.eviware.soapui.DefaultSoapUICore.init(DefaultSoapUICore.java:145)
	at com.eviware.soapui.DefaultSoapUICore.<init>(DefaultSoapUICore.java:132)
	at com.eviware.soapui.tools.AbstractSoapUIRunner.createSoapUICore(AbstractSoapUIRunner.java:216)
	at com.eviware.soapui.tools.AbstractSoapUIRunner.run(AbstractSoapUIRunner.java:192)
	at com.eviware.soapui.maven2.TestMojo.execute(TestMojo.java:114)
	at org.apache.maven.plugin.DefaultBuildPluginManager.executeMojo(DefaultBuildPluginManager.java:126)
	at org.apache.maven.lifecycle.internal.MojoExecutor.doExecute2(MojoExecutor.java:342)
	at org.apache.maven.lifecycle.internal.MojoExecutor.doExecute(MojoExecutor.java:330)
	at org.apache.maven.lifecycle.internal.MojoExecutor.execute(MojoExecutor.java:213)
	at org.apache.maven.lifecycle.internal.MojoExecutor.execute(MojoExecutor.java:175)
	at org.apache.maven.lifecycle.internal.MojoExecutor.access$000(MojoExecutor.java:76)
	at org.apache.maven.lifecycle.internal.MojoExecutor$1.run(MojoExecutor.java:163)
	at org.apache.maven.plugin.DefaultMojosExecutionStrategy.execute(DefaultMojosExecutionStrategy.java:39)
	at org.apache.maven.lifecycle.internal.MojoExecutor.execute(MojoExecutor.java:160)
	at org.apache.maven.lifecycle.internal.LifecycleModuleBuilder.buildProject(LifecycleModuleBuilder.java:105)
	at org.apache.maven.lifecycle.internal.LifecycleModuleBuilder.buildProject(LifecycleModuleBuilder.java:73)
	at org.apache.maven.lifecycle.internal.builder.singlethreaded.SingleThreadedBuilder.build(SingleThreadedBuilder.java:53)
	at org.apache.maven.lifecycle.internal.LifecycleStarter.execute(LifecycleStarter.java:118)
	at org.apache.maven.DefaultMaven.doExecute(DefaultMaven.java:261)
	at org.apache.maven.DefaultMaven.doExecute(DefaultMaven.java:173)
	at org.apache.maven.DefaultMaven.execute(DefaultMaven.java:101)
	at org.apache.maven.cli.MavenCli.execute(MavenCli.java:827)
	at org.apache.maven.cli.MavenCli.doMain(MavenCli.java:272)
	at org.apache.maven.cli.MavenCli.main(MavenCli.java:195)
	at java.base/jdk.internal.reflect.NativeMethodAccessorImpl.invoke0(Native Method)
	at java.base/jdk.internal.reflect.NativeMethodAccessorImpl.invoke(NativeMethodAccessorImpl.java:77)
	at java.base/jdk.internal.reflect.DelegatingMethodAccessorImpl.invoke(DelegatingMethodAccessorImpl.java:43)
	at java.base/java.lang.reflect.Method.invoke(Method.java:568)
	at org.codehaus.plexus.classworlds.launcher.Launcher.launchEnhanced(Launcher.java:282)
	at org.codehaus.plexus.classworlds.launcher.Launcher.launch(Launcher.java:225)
	at org.codehaus.plexus.classworlds.launcher.Launcher.mainWithExitCode(Launcher.java:406)
	at org.codehaus.plexus.classworlds.launcher.Launcher.main(Launcher.java:347)
2023-07-30 16:50:37,084 WARN  [SoapUI] Plugin 'ready-uxm-plugin-os-1.0.3.jar' is not loaded because it hasn't been signed by SmartBear Software.
2023-07-30 16:50:37,170 INFO  [PluginManager] Adding plugin from [C:\Users\User\.soapuios\plugins\readyapi-postman-1.0.1.jar]
2023-07-30 16:50:37,549 WARN  [PluginManager] Could not load plugin from file [C:\Users\User\.soapuios\plugins\readyapi-postman-1.0.1.jar]
com.eviware.soapui.plugins.InvalidPluginException: Error loading plugin class com.smartbear.postman.PluginConfig
	at com.eviware.soapui.plugins.PluginLoader.loadPlugin(PluginLoader.java:114)
	at com.eviware.soapui.plugins.PluginLoader.loadPlugin(PluginLoader.java:54)
	at com.eviware.soapui.plugins.PluginManager.doInstallPlugin(PluginManager.java:141)
	at com.eviware.soapui.plugins.PluginManager.access$600(PluginManager.java:43)
	at com.eviware.soapui.plugins.PluginManager$LoadPluginsTask.computeSequentially(PluginManager.java:420)
	at com.eviware.soapui.plugins.PluginManager$LoadPluginsTask.compute(PluginManager.java:377)
	at com.eviware.soapui.plugins.PluginManager$LoadPluginsTask.compute(PluginManager.java:365)
	at java.base/java.util.concurrent.RecursiveTask.exec(RecursiveTask.java:100)
	at java.base/java.util.concurrent.ForkJoinTask.doExec(ForkJoinTask.java:373)
	at java.base/java.util.concurrent.ForkJoinPool$WorkQueue.topLevelExec(ForkJoinPool.java:1182)
	at java.base/java.util.concurrent.ForkJoinPool.scan(ForkJoinPool.java:1655)
	at java.base/java.util.concurrent.ForkJoinPool.runWorker(ForkJoinPool.java:1622)
	at java.base/java.util.concurrent.ForkJoinWorkerThread.run(ForkJoinWorkerThread.java:165)
Caused by: org.reflections.ReflectionsException: could not get type for name com.eviware.soapui.plugins.auto.PluginSubReport
	at org.reflections.ReflectionUtils.forName(ReflectionUtils.java:378)
	at org.reflections.ReflectionUtils.forNames(ReflectionUtils.java:387)
	at org.reflections.Reflections.getTypesAnnotatedWith(Reflections.java:351)
	at com.eviware.soapui.plugins.LoaderBase.loadAutoFactories(LoaderBase.java:108)
	at com.eviware.soapui.plugins.LoaderBase.loadFactories(LoaderBase.java:80)
	at com.eviware.soapui.plugins.PluginLoader.loadPluginFactories(PluginLoader.java:141)
	at com.eviware.soapui.plugins.PluginLoader.loadPlugin(PluginLoader.java:104)
	... 12 more
2023-07-30 16:50:37,550 INFO  [PluginManager] Adding plugin from [C:\Users\User\.soapuios\plugins\ready-mqtt-plugin-dist.jar]
2023-07-30 16:50:37,854 WARN  [PluginManager] Could not load plugin from file [C:\Users\User\.soapuios\plugins\ready-mqtt-plugin-dist.jar]
com.eviware.soapui.plugins.InvalidPluginException: Error loading plugin class com.smartbear.mqttsupport.PluginConfig
	at com.eviware.soapui.plugins.PluginLoader.loadPlugin(PluginLoader.java:114)
	at com.eviware.soapui.plugins.PluginLoader.loadPlugin(PluginLoader.java:54)
	at com.eviware.soapui.plugins.PluginManager.doInstallPlugin(PluginManager.java:141)
	at com.eviware.soapui.plugins.PluginManager.access$600(PluginManager.java:43)
	at com.eviware.soapui.plugins.PluginManager$LoadPluginsTask.computeSequentially(PluginManager.java:420)
	at com.eviware.soapui.plugins.PluginManager$LoadPluginsTask.compute(PluginManager.java:377)
	at com.eviware.soapui.plugins.PluginManager$LoadPluginsTask.compute(PluginManager.java:365)
	at java.base/java.util.concurrent.RecursiveTask.exec(RecursiveTask.java:100)
	at java.base/java.util.concurrent.ForkJoinTask.doExec(ForkJoinTask.java:373)
	at java.base/java.util.concurrent.ForkJoinPool$WorkQueue.topLevelExec(ForkJoinPool.java:1182)
	at java.base/java.util.concurrent.ForkJoinPool.scan(ForkJoinPool.java:1655)
	at java.base/java.util.concurrent.ForkJoinPool.runWorker(ForkJoinPool.java:1622)
	at java.base/java.util.concurrent.ForkJoinWorkerThread.run(ForkJoinWorkerThread.java:165)
Caused by: org.reflections.ReflectionsException: could not get type for name com.eviware.soapui.plugins.auto.PluginSubReport
	at org.reflections.ReflectionUtils.forName(ReflectionUtils.java:378)
	at org.reflections.ReflectionUtils.forNames(ReflectionUtils.java:387)
	at org.reflections.Reflections.getTypesAnnotatedWith(Reflections.java:351)
	at com.eviware.soapui.plugins.LoaderBase.loadAutoFactories(LoaderBase.java:108)
	at com.eviware.soapui.plugins.LoaderBase.loadFactories(LoaderBase.java:80)
	at com.eviware.soapui.plugins.PluginLoader.loadPluginFactories(PluginLoader.java:141)
	at com.eviware.soapui.plugins.PluginLoader.loadPlugin(PluginLoader.java:104)
	... 12 more
2023-07-30 16:50:37,855 INFO  [PluginManager] 2 plugins loaded in 686 ms
2023-07-30 16:50:37,855 INFO  [DefaultSoapUICore] All plugins loaded
2023-07-30 16:50:38,222 INFO  [WsdlProject] Loaded project from [file:/C:/Users/User/eclipse-workspace/SoapUiprohet/soapuiProject.xml]
2023-07-30 16:50:38,225 INFO  [SoapUITestCaseRunner] Setting project property [property1] to [fromMaven1]
2023-07-30 16:50:38,226 INFO  [SoapUITestCaseRunner] Setting project property [property2] to [fromMaven1]
2023-07-30 16:50:38,226 INFO  [SoapUITestCaseRunner] Running SoapUI tests in project [PetStore]
2023-07-30 16:50:38,226 INFO  [SoapUITestCaseRunner] Running Project [PetStore], runType = SEQUENTIAL
2023-07-30 16:50:38,237 INFO  [SoapUITestCaseRunner] Running SoapUI testcase [/pet/{petId}/uploadImage TestCase]
2023-07-30 16:50:38,240 INFO  [SoapUITestCaseRunner] running step [Request 1]
2023-07-30 16:50:41,882 ERROR [SoapUI] An error occurred [class org.apache.commons.beanutils.PropertyUtilsBean cannot access class sun.security.ssl.SSLSocketImpl (in module java.base) because module java.base does not export sun.security.ssl to unnamed module @5c931134], see error log for details
2023-07-30 16:50:41,882 ERROR [errorlog] java.lang.IllegalAccessException: class org.apache.commons.beanutils.PropertyUtilsBean cannot access class sun.security.ssl.SSLSocketImpl (in module java.base) because module java.base does not export sun.security.ssl to unnamed module @5c931134
java.lang.IllegalAccessException: class org.apache.commons.beanutils.PropertyUtilsBean cannot access class sun.security.ssl.SSLSocketImpl (in module java.base) because module java.base does not export sun.security.ssl to unnamed module @5c931134
	at java.base/jdk.internal.reflect.Reflection.newIllegalAccessException(Reflection.java:392)
	at java.base/java.lang.reflect.AccessibleObject.checkAccess(AccessibleObject.java:674)
	at java.base/java.lang.reflect.Method.invoke(Method.java:560)
	at org.apache.commons.beanutils.PropertyUtilsBean.invokeMethod(PropertyUtilsBean.java:1773)
	at org.apache.commons.beanutils.PropertyUtilsBean.setSimpleProperty(PropertyUtilsBean.java:1759)
	at org.apache.commons.beanutils.PropertyUtilsBean.setNestedProperty(PropertyUtilsBean.java:1648)
	at org.apache.commons.beanutils.PropertyUtilsBean.setProperty(PropertyUtilsBean.java:1677)
	at org.apache.commons.beanutils.PropertyUtils.setProperty(PropertyUtils.java:559)
	at com.eviware.soapui.impl.wsdl.support.http.SoapUIMultiThreadedHttpConnectionManager$SoapUIClientConnectionOperator.openConnection(SoapUIMultiThreadedHttpConnectionManager.java:257)
	at org.apache.http.impl.conn.AbstractPoolEntry.open(AbstractPoolEntry.java:149)
	at org.apache.http.impl.conn.AbstractPooledConnAdapter.open(AbstractPooledConnAdapter.java:121)
	at org.apache.http.impl.client.DefaultRequestDirector.tryConnect(DefaultRequestDirector.java:561)
	at org.apache.http.impl.client.DefaultRequestDirector.execute(DefaultRequestDirector.java:415)
	at org.apache.http.impl.client.AbstractHttpClient.execute(AbstractHttpClient.java:820)
	at org.apache.http.impl.client.AbstractHttpClient.execute(AbstractHttpClient.java:754)
	at com.eviware.soapui.impl.wsdl.support.http.HttpClientSupport$Helper.execute(HttpClientSupport.java:233)
	at com.eviware.soapui.impl.wsdl.support.http.HttpClientSupport.execute(HttpClientSupport.java:323)
	at com.eviware.soapui.impl.wsdl.submit.transports.http.HttpClientRequestTransport.submitRequest(HttpClientRequestTransport.java:297)
	at com.eviware.soapui.impl.wsdl.submit.transports.http.HttpClientRequestTransport.followRedirects(HttpClientRequestTransport.java:337)
	at com.eviware.soapui.impl.wsdl.submit.transports.http.HttpClientRequestTransport.sendRequest(HttpClientRequestTransport.java:242)
	at com.eviware.soapui.impl.wsdl.WsdlSubmit.run(WsdlSubmit.java:119)
	at com.eviware.soapui.impl.wsdl.WsdlSubmit.submitRequest(WsdlSubmit.java:79)
	at com.eviware.soapui.impl.rest.RestRequest.submit(RestRequest.java:192)
	at com.eviware.soapui.impl.wsdl.teststeps.RestTestRequestStep.run(RestTestRequestStep.java:794)
	at com.eviware.soapui.impl.wsdl.support.AbstractTestCaseRunner.runTestStep(AbstractTestCaseRunner.java:211)
	at com.eviware.soapui.impl.wsdl.testcase.WsdlTestCaseRunner.runCurrentTestStep(WsdlTestCaseRunner.java:47)
	at com.eviware.soapui.impl.wsdl.support.AbstractTestCaseRunner.internalRun(AbstractTestCaseRunner.java:138)
	at com.eviware.soapui.impl.wsdl.support.AbstractTestCaseRunner.internalRun(AbstractTestCaseRunner.java:46)
	at com.eviware.soapui.impl.wsdl.support.AbstractTestRunner.run(AbstractTestRunner.java:128)
	at java.base/java.util.concurrent.Executors$RunnableAdapter.call(Executors.java:539)
	at java.base/java.util.concurrent.FutureTask.run(FutureTask.java:264)
	at java.base/java.util.concurrent.ThreadPoolExecutor.runWorker(ThreadPoolExecutor.java:1136)
	at java.base/java.util.concurrent.ThreadPoolExecutor$Worker.run(ThreadPoolExecutor.java:635)
	at java.base/java.lang.Thread.run(Thread.java:833)
2023-07-30 16:50:46,608 INFO  [SoapUITestCaseRunner] Finished running SoapUI testcase [/pet/{petId}/uploadImage TestCase], time taken: 4744ms, status: FINISHED
2023-07-30 16:50:46,609 INFO  [SoapUITestCaseRunner] Running SoapUI testcase [/pet TestCase]
2023-07-30 16:50:46,609 INFO  [SoapUITestCaseRunner] running step [Request 1]
2023-07-30 16:50:51,685 INFO  [SoapUITestCaseRunner] running step [Request 2]
2023-07-30 16:50:57,267 INFO  [SoapUITestCaseRunner] running step [Request 1 1]
2023-07-30 16:51:16,905 INFO  [SoapUITestCaseRunner] running step [Request 2 1]
2023-07-30 16:51:37,459 INFO  [SoapUITestCaseRunner] Finished running SoapUI testcase [/pet TestCase], time taken: 24109ms, status: FINISHED
2023-07-30 16:51:37,459 INFO  [SoapUITestCaseRunner] Running SoapUI testcase [/pet/findByStatus TestCase]
2023-07-30 16:51:37,459 INFO  [SoapUITestCaseRunner] running step [Request 1]
2023-07-30 16:51:39,798 INFO  [SoapUITestCaseRunner] Finished running SoapUI testcase [/pet/findByStatus TestCase], time taken: 540ms, status: FINISHED
2023-07-30 16:51:39,799 INFO  [SoapUITestCaseRunner] Running SoapUI testcase [/pet/findByTags TestCase]
2023-07-30 16:51:39,799 INFO  [SoapUITestCaseRunner] running step [Request 1]
2023-07-30 16:51:40,573 INFO  [SoapUITestCaseRunner] Finished running SoapUI testcase [/pet/findByTags TestCase], time taken: 324ms, status: FINISHED
2023-07-30 16:51:40,574 INFO  [SoapUITestCaseRunner] Running SoapUI testcase [/pet/{petId} TestCase]
2023-07-30 16:51:40,574 INFO  [SoapUITestCaseRunner] running step [Request 1]
2023-07-30 16:51:41,712 INFO  [SoapUITestCaseRunner] running step [Request 1 1]
2023-07-30 16:51:42,636 INFO  [SoapUITestCaseRunner] running step [Request 1 2]
2023-07-30 16:51:43,142 INFO  [SoapUITestCaseRunner] Finished running SoapUI testcase [/pet/{petId} TestCase], time taken: 1724ms, status: FINISHED
2023-07-30 16:51:43,143 INFO  [SoapUITestCaseRunner] Running SoapUI testcase [/store/order TestCase]
2023-07-30 16:51:43,143 INFO  [SoapUITestCaseRunner] running step [Request 1]
2023-07-30 16:51:44,159 INFO  [SoapUITestCaseRunner] Finished running SoapUI testcase [/store/order TestCase], time taken: 329ms, status: FINISHED
2023-07-30 16:51:44,160 INFO  [SoapUITestCaseRunner] Running SoapUI testcase [/store/order/{orderId} TestCase]
2023-07-30 16:51:44,160 INFO  [SoapUITestCaseRunner] running step [Request 1]
2023-07-30 16:51:44,906 INFO  [SoapUITestCaseRunner] running step [Request 1 1]
2023-07-30 16:51:46,327 INFO  [SoapUITestCaseRunner] Finished running SoapUI testcase [/store/order/{orderId} TestCase], time taken: 962ms, status: FINISHED
2023-07-30 16:51:46,327 INFO  [SoapUITestCaseRunner] Running SoapUI testcase [/store/inventory TestCase]
2023-07-30 16:51:46,327 INFO  [SoapUITestCaseRunner] running step [Request 1]
2023-07-30 16:51:47,266 INFO  [SoapUITestCaseRunner] Finished running SoapUI testcase [/store/inventory TestCase], time taken: 437ms, status: FINISHED
2023-07-30 16:51:47,267 INFO  [SoapUITestCaseRunner] Running SoapUI testcase [/user/createWithArray TestCase]
2023-07-30 16:51:47,267 INFO  [SoapUITestCaseRunner] running step [Request 1]
2023-07-30 16:51:47,703 INFO  [SoapUITestCaseRunner] Finished running SoapUI testcase [/user/createWithArray TestCase], time taken: 149ms, status: FINISHED
2023-07-30 16:51:47,704 INFO  [SoapUITestCaseRunner] Running SoapUI testcase [/user/createWithList TestCase]
2023-07-30 16:51:47,704 INFO  [SoapUITestCaseRunner] running step [Request 1]
2023-07-30 16:51:48,124 INFO  [SoapUITestCaseRunner] Finished running SoapUI testcase [/user/createWithList TestCase], time taken: 156ms, status: FINISHED
2023-07-30 16:51:48,124 INFO  [SoapUITestCaseRunner] Running SoapUI testcase [/user/{username} TestCase]
2023-07-30 16:51:48,124 INFO  [SoapUITestCaseRunner] running step [Request 1]
2023-07-30 16:51:48,494 INFO  [SoapUITestCaseRunner] running step [Request 1 1]
2023-07-30 16:51:48,794 INFO  [SoapUITestCaseRunner] running step [Request 1 2]
2023-07-30 16:51:49,159 INFO  [SoapUITestCaseRunner] Finished running SoapUI testcase [/user/{username} TestCase], time taken: 466ms, status: FINISHED
2023-07-30 16:51:49,159 INFO  [SoapUITestCaseRunner] Running SoapUI testcase [/user/login TestCase]
2023-07-30 16:51:49,160 INFO  [SoapUITestCaseRunner] running step [Request 1]
2023-07-30 16:51:49,463 INFO  [SoapUITestCaseRunner] Finished running SoapUI testcase [/user/login TestCase], time taken: 152ms, status: FINISHED
2023-07-30 16:51:49,464 INFO  [SoapUITestCaseRunner] Running SoapUI testcase [/user/logout TestCase]
2023-07-30 16:51:49,464 INFO  [SoapUITestCaseRunner] running step [Request 1]
2023-07-30 16:51:49,763 INFO  [SoapUITestCaseRunner] Finished running SoapUI testcase [/user/logout TestCase], time taken: 150ms, status: FINISHED
2023-07-30 16:51:49,764 INFO  [SoapUITestCaseRunner] Running SoapUI testcase [/user TestCase]
2023-07-30 16:51:49,764 INFO  [SoapUITestCaseRunner] running step [Request 1]
2023-07-30 16:51:50,063 INFO  [SoapUITestCaseRunner] Finished running SoapUI testcase [/user TestCase], time taken: 148ms, status: FINISHED
2023-07-30 16:51:50,063 INFO  [SoapUITestCaseRunner] Project [PetStore] finished with status [FINISHED] in 71835ms
2023-07-30 16:51:50,075 WARN  [Tools] Could not delete temporary directory C:\Users\User\AppData\Local\Temp\e66d1b75-1b4d-4e35-81ea-3e4d4fb1c408
